c:\users\patrik\dropbox\spaceshooter\spaceshooter\debug\vc120.pdb
c:\users\patrik\dropbox\spaceshooter\spaceshooter\debug\vc120.idb
c:\users\patrik\dropbox\spaceshooter\spaceshooter\debug\enemy.obj
c:\users\patrik\dropbox\spaceshooter\spaceshooter\debug\gameengine.obj
c:\users\patrik\dropbox\spaceshooter\spaceshooter\debug\gameoverscreen.obj
c:\users\patrik\dropbox\spaceshooter\spaceshooter\debug\gamescreen.obj
c:\users\patrik\dropbox\spaceshooter\spaceshooter\debug\gamestate.obj
c:\users\patrik\dropbox\spaceshooter\spaceshooter\debug\gui.obj
c:\users\patrik\dropbox\spaceshooter\spaceshooter\debug\main.obj
c:\users\patrik\dropbox\spaceshooter\spaceshooter\debug\mirrorshooter.obj
c:\users\patrik\dropbox\spaceshooter\spaceshooter\debug\movepattern.obj
c:\users\patrik\dropbox\spaceshooter\spaceshooter\debug\mytimer.obj
c:\users\patrik\dropbox\spaceshooter\spaceshooter\debug\player.obj
c:\users\patrik\dropbox\spaceshooter\spaceshooter\debug\rock.obj
c:\users\patrik\dropbox\spaceshooter\spaceshooter\debug\solidsprite.obj
c:\users\patrik\dropbox\spaceshooter\spaceshooter\debug\spawner.obj
c:\users\patrik\dropbox\spaceshooter\spaceshooter\debug\sprite.obj
c:\users\patrik\dropbox\spaceshooter\spaceshooter\debug\stalkerenemy.obj
c:\users\patrik\dropbox\spaceshooter\spaceshooter\debug\stalkpattern.obj
c:\users\patrik\dropbox\spaceshooter\spaceshooter\debug\startscreen.obj
c:\users\patrik\dropbox\spaceshooter\spaceshooter\debug\zigzagenemy.obj
c:\users\patrik\dropbox\spaceshooter\spaceshooter\debug\zigzagpattern.obj
c:\users\patrik\dropbox\spaceshooter\spaceshooter\debug\background.obj
c:\users\patrik\dropbox\spaceshooter\spaceshooter\debug\bomber.obj
c:\users\patrik\dropbox\spaceshooter\debug\spaceshooter.ilk
c:\users\patrik\dropbox\spaceshooter\debug\spaceshooter.exe
c:\users\patrik\dropbox\spaceshooter\debug\spaceshooter.pdb
c:\users\patrik\dropbox\spaceshooter\spaceshooter\debug\spaceshooter.tlog\cl.command.1.tlog
c:\users\patrik\dropbox\spaceshooter\spaceshooter\debug\spaceshooter.tlog\cl.read.1.tlog
c:\users\patrik\dropbox\spaceshooter\spaceshooter\debug\spaceshooter.tlog\cl.write.1.tlog
c:\users\patrik\dropbox\spaceshooter\spaceshooter\debug\spaceshooter.tlog\link.command.1.tlog
c:\users\patrik\dropbox\spaceshooter\spaceshooter\debug\spaceshooter.tlog\link.read.1.tlog
c:\users\patrik\dropbox\spaceshooter\spaceshooter\debug\spaceshooter.tlog\link.write.1.tlog
