Build started 2016-09-30 18:10:06.
     1>Project "C:\Users\Patrik\Dropbox\SpaceShooter\SpaceShooter\SpaceShooter.vcxproj" on node 2 (Build target(s)).
     1>ClCompile:
         C:\Program Files (x86)\Microsoft Visual Studio 12.0\VC\bin\CL.exe /c /ZI /nologo /W3 /WX- /sdl /Od /Oy- /D _MBCS /Gm /EHsc /RTC1 /MD /GS /fp:precise /Zc:wchar_t /Zc:forScope /Fo"Debug\\" /Fd"Debug\vc120.pdb" /Gd /TP /analyze- /errorReport:prompt GameOverScreen.cpp StartScreen.cpp
         StartScreen.cpp
         GameOverScreen.cpp
         Generating Code...
       Link:
         C:\Program Files (x86)\Microsoft Visual Studio 12.0\VC\bin\link.exe /ERRORREPORT:PROMPT /OUT:"C:\Users\Patrik\Dropbox\SpaceShooter\Debug\SpaceShooter.exe" /INCREMENTAL /NOLOGO SDL.lib SDLmain.lib SDL_image.lib SDL_ttf.lib SDL_mixer.lib kernel32.lib user32.lib gdi32.lib winspool.lib comdlg32.lib advapi32.lib shell32.lib ole32.lib oleaut32.lib uuid.lib odbc32.lib odbccp32.lib /MANIFEST /MANIFESTUAC:"level='asInvoker' uiAccess='false'" /manifest:embed /DEBUG /PDB:"C:\Users\Patrik\Dropbox\SpaceShooter\Debug\SpaceShooter.pdb" /SUBSYSTEM:CONSOLE /TLBID:1 /DYNAMICBASE /NXCOMPAT /IMPLIB:"C:\Users\Patrik\Dropbox\SpaceShooter\Debug\SpaceShooter.lib" /MACHINE:X86 Debug\Background.obj
         Debug\Bomber.obj
         Debug\Enemy.obj
         Debug\GameEngine.obj
         Debug\GameOverScreen.obj
         Debug\GameScreen.obj
         Debug\GameState.obj
         Debug\GUI.obj
         Debug\Main.obj
         Debug\MirrorShooter.obj
         Debug\MovePattern.obj
         Debug\MyTimer.obj
         Debug\Player.obj
         Debug\Rock.obj
         Debug\SolidSprite.obj
         Debug\Spawner.obj
         Debug\Sprite.obj
         Debug\StalkerEnemy.obj
         Debug\StalkPattern.obj
         Debug\StartScreen.obj
         Debug\ZigZagEnemy.obj
         Debug\ZigzagPattern.obj
         SpaceShooter.vcxproj -> C:\Users\Patrik\Dropbox\SpaceShooter\Debug\SpaceShooter.exe
     1>Done Building Project "C:\Users\Patrik\Dropbox\SpaceShooter\SpaceShooter\SpaceShooter.vcxproj" (Build target(s)).

Build succeeded.

Time Elapsed 00:00:02.07
